<?xml version="1.0" encoding="UTF-8"?>
<!-- Generated by org.testng.reporters.JUnitXMLReporter -->
<testsuite hostname="FOCUS-QA-133" name="Test" tests="8" failures="2" timestamp="23 Dec 2022 10:43:24 GMT" time="917.359" errors="0">
  <testcase name="verifyBrowserOpen" time="10.439" classname="com.focus.testcases.URLBrowserTest"/>
  <testcase name="checkLoginPageTitleByURLInputInBrowser" time="6.933" classname="com.focus.testcases.URLBrowserTest"/>
  <testcase name="checkCD" time="19.643" classname="com.focus.testcases.DesignWorkFlowOptionsTest"/>
  <testcase name="checkCannotExceedTheBaseValueOptionForMultipleRowsWithSameItem" time="182.614" classname="com.focus.testcases.DesignWorkFlowOptionsTest"/>
  <testcase name="checkCannotExceedTheBaseValueOptionForMultipleRowsWithDifferentItem" time="316.569" classname="com.focus.testcases.DesignWorkFlowOptionsTest"/>
  <testcase name="checkCannotExceedTheBaseValueOptionForMultipleRowsWithSameItem1" time="229.009" classname="com.focus.testcases.DesignWorkFlowOptionsTest">
    <failure type="java.lang.AssertionError" message="expected [true] but found [false]">
      <![CDATA[java.lang.AssertionError: expected [true] but found [false]
	at com.focus.testcases.DesignWorkFlowOptionsTest.checkCannotExceedTheBaseValueOptionForMultipleRowsWithSameItem1(DesignWorkFlowOptionsTest.java:575)
... Removed 30 stack frames]]>
    </failure>
  </testcase> <!-- checkCannotExceedTheBaseValueOptionForMultipleRowsWithSameItem1 -->
  <testcase name="checkCannotExceedTheBaseValueOptionOnEditing" time="142.191" classname="com.focus.testcases.DesignWorkFlowOptionsTest">
    <failure type="java.lang.AssertionError" message="expected [true] but found [false]">
      <![CDATA[java.lang.AssertionError: expected [true] but found [false]
	at com.focus.testcases.DesignWorkFlowOptionsTest.checkCannotExceedTheBaseValueOptionOnEditing(DesignWorkFlowOptionsTest.java:582)
... Removed 30 stack frames]]>
    </failure>
  </testcase> <!-- checkCannotExceedTheBaseValueOptionOnEditing -->
  <testcase name="checkLogout" time="7.381" classname="com.focus.testcases.DesignWorkFlowOptionsTest"/>
</testsuite> <!-- Test -->
