<html>
<head>
<title>TestNG:  Test</title>
<link href="../testng.css" rel="stylesheet" type="text/css" />
<link href="../my-testng.css" rel="stylesheet" type="text/css" />

<style type="text/css">
.log { display: none;} 
.stack-trace { display: none;} 
</style>
<script type="text/javascript">
<!--
function flip(e) {
  current = e.style.display;
  if (current == 'block') {
    e.style.display = 'none';
    return 0;
  }
  else {
    e.style.display = 'block';
    return 1;
  }
}

function toggleBox(szDivId, elem, msg1, msg2)
{
  var res = -1;  if (document.getElementById) {
    res = flip(document.getElementById(szDivId));
  }
  else if (document.all) {
    // this is the way old msie versions work
    res = flip(document.all[szDivId]);
  }
  if(elem) {
    if(res == 0) elem.innerHTML = msg1; else elem.innerHTML = msg2;
  }

}

function toggleAllBoxes() {
  if (document.getElementsByTagName) {
    d = document.getElementsByTagName('div');
    for (i = 0; i < d.length; i++) {
      if (d[i].className == 'log') {
        flip(d[i]);
      }
    }
  }
}

// -->
</script>

</head>
<body>
<h2 align='center'>Test</h2><table border='1' align="center">
<tr>
<td>Tests passed/Failed/Skipped:</td><td>6/2/0</td>
</tr><tr>
<td>Started on:</td><td>Fri Dec 23 15:58:06 IST 2022</td>
</tr>
<tr><td>Total time:</td><td>917 seconds (917359 ms)</td>
</tr><tr>
<td>Included groups:</td><td></td>
</tr><tr>
<td>Excluded groups:</td><td></td>
</tr>
</table><p/>
<small><i>(Hover the method name to see the test class name)</i></small><p/>
<table width='100%' border='1' class='invocation-failed'>
<tr><td colspan='4' align='center'><b>FAILED TESTS</b></td></tr>
<tr><td><b>Test method</b></td>
<td width="30%"><b>Exception</b></td>
<td width="10%"><b>Time (seconds)</b></td>
<td><b>Instance</b></td>
</tr>
<tr>
<td title='com.focus.testcases.DesignWorkFlowOptionsTest.checkCannotExceedTheBaseValueOptionForMultipleRowsWithSameItem1()'><b>checkCannotExceedTheBaseValueOptionForMultipleRowsWithSameItem1</b><br>Test class: com.focus.testcases.DesignWorkFlowOptionsTest<br/>
<a href="#Output-1087657627" onClick='toggleBox("Output-1087657627", this, "Show output", "Hide output");'>Show output</a>

<a href="#Output-1087657627" onClick="toggleAllBoxes();">Show all outputs</a>
<div class='log' id="Output-1087657627">
Completed executing following method : DesignWorkFlowOptionsTest.checkCannotExceedTheBaseValueOptionForMultipleRowsWithSameItem1<br/>
Test Method resides in com.focus.testcases.DesignWorkFlowOptionsTest<br/>
Test Status: Failed<br/>
About to begin executing following method : BaseEngine.afterMethodExecution<br/>
</div>
</td>
<td><div><pre>java.lang.AssertionError: expected [true] but found [false]
	at com.focus.testcases.DesignWorkFlowOptionsTest.checkCannotExceedTheBaseValueOptionForMultipleRowsWithSameItem1(DesignWorkFlowOptionsTest.java:575)
... Removed 30 stack frames</pre></div><a href='#' onClick='toggleBox("stack-trace1087657627", this, "Click to show all stack frames", "Click to hide stack frames")'>Click to show all stack frames</a>
<div class='stack-trace' id='stack-trace1087657627'><pre>java.lang.AssertionError: expected [true] but found [false]
	at org.testng.Assert.fail(Assert.java:94)
	at org.testng.Assert.failNotEquals(Assert.java:513)
	at org.testng.Assert.assertEqualsImpl(Assert.java:135)
	at org.testng.Assert.assertEquals(Assert.java:116)
	at org.testng.Assert.assertEquals(Assert.java:305)
	at org.testng.Assert.assertEquals(Assert.java:315)
	at com.focus.testcases.DesignWorkFlowOptionsTest.checkCannotExceedTheBaseValueOptionForMultipleRowsWithSameItem1(DesignWorkFlowOptionsTest.java:575)
	at sun.reflect.NativeMethodAccessorImpl.invoke0(Native Method)
	at sun.reflect.NativeMethodAccessorImpl.invoke(Unknown Source)
	at sun.reflect.DelegatingMethodAccessorImpl.invoke(Unknown Source)
	at java.lang.reflect.Method.invoke(Unknown Source)
	at org.testng.internal.MethodInvocationHelper.invokeMethod(MethodInvocationHelper.java:86)
	at org.testng.internal.Invoker.invokeMethod(Invoker.java:643)
	at org.testng.internal.Invoker.invokeTestMethod(Invoker.java:820)
	at org.testng.internal.Invoker.invokeTestMethods(Invoker.java:1128)
	at org.testng.internal.TestMethodWorker.invokeTestMethods(TestMethodWorker.java:129)
	at org.testng.internal.TestMethodWorker.run(TestMethodWorker.java:112)
	at org.testng.TestRunner.privateRun(TestRunner.java:782)
	at org.testng.TestRunner.run(TestRunner.java:632)
	at org.testng.SuiteRunner.runTest(SuiteRunner.java:366)
	at org.testng.SuiteRunner.runSequentially(SuiteRunner.java:361)
	at org.testng.SuiteRunner.privateRun(SuiteRunner.java:319)
	at org.testng.SuiteRunner.run(SuiteRunner.java:268)
	at org.testng.SuiteRunnerWorker.runSuite(SuiteRunnerWorker.java:52)
	at org.testng.SuiteRunnerWorker.run(SuiteRunnerWorker.java:86)
	at org.testng.TestNG.runSuitesSequentially(TestNG.java:1244)
	at org.testng.TestNG.runSuitesLocally(TestNG.java:1169)
	at org.testng.TestNG.run(TestNG.java:1064)
	at org.testng.remote.AbstractRemoteTestNG.run(AbstractRemoteTestNG.java:114)
	at org.testng.remote.RemoteTestNG.initAndRun(RemoteTestNG.java:251)
	at org.testng.remote.RemoteTestNG.main(RemoteTestNG.java:77)
</pre></div></td>
<td>229</td>
<td>com.focus.testcases.DesignWorkFlowOptionsTest@47ef968d</td></tr>
<tr>
<td title='com.focus.testcases.DesignWorkFlowOptionsTest.checkCannotExceedTheBaseValueOptionOnEditing()'><b>checkCannotExceedTheBaseValueOptionOnEditing</b><br>Test class: com.focus.testcases.DesignWorkFlowOptionsTest<br/>
<a href="#Output-1245511282" onClick='toggleBox("Output-1245511282", this, "Show output", "Hide output");'>Show output</a>

<a href="#Output-1245511282" onClick="toggleAllBoxes();">Show all outputs</a>
<div class='log' id="Output-1245511282">
Completed executing following method : DesignWorkFlowOptionsTest.checkCannotExceedTheBaseValueOptionOnEditing<br/>
Test Method resides in com.focus.testcases.DesignWorkFlowOptionsTest<br/>
Test Status: Failed<br/>
About to begin executing following method : BaseEngine.afterMethodExecution<br/>
</div>
</td>
<td><div><pre>java.lang.AssertionError: expected [true] but found [false]
	at com.focus.testcases.DesignWorkFlowOptionsTest.checkCannotExceedTheBaseValueOptionOnEditing(DesignWorkFlowOptionsTest.java:582)
... Removed 30 stack frames</pre></div><a href='#' onClick='toggleBox("stack-trace1245511282", this, "Click to show all stack frames", "Click to hide stack frames")'>Click to show all stack frames</a>
<div class='stack-trace' id='stack-trace1245511282'><pre>java.lang.AssertionError: expected [true] but found [false]
	at org.testng.Assert.fail(Assert.java:94)
	at org.testng.Assert.failNotEquals(Assert.java:513)
	at org.testng.Assert.assertEqualsImpl(Assert.java:135)
	at org.testng.Assert.assertEquals(Assert.java:116)
	at org.testng.Assert.assertEquals(Assert.java:305)
	at org.testng.Assert.assertEquals(Assert.java:315)
	at com.focus.testcases.DesignWorkFlowOptionsTest.checkCannotExceedTheBaseValueOptionOnEditing(DesignWorkFlowOptionsTest.java:582)
	at sun.reflect.NativeMethodAccessorImpl.invoke0(Native Method)
	at sun.reflect.NativeMethodAccessorImpl.invoke(Unknown Source)
	at sun.reflect.DelegatingMethodAccessorImpl.invoke(Unknown Source)
	at java.lang.reflect.Method.invoke(Unknown Source)
	at org.testng.internal.MethodInvocationHelper.invokeMethod(MethodInvocationHelper.java:86)
	at org.testng.internal.Invoker.invokeMethod(Invoker.java:643)
	at org.testng.internal.Invoker.invokeTestMethod(Invoker.java:820)
	at org.testng.internal.Invoker.invokeTestMethods(Invoker.java:1128)
	at org.testng.internal.TestMethodWorker.invokeTestMethods(TestMethodWorker.java:129)
	at org.testng.internal.TestMethodWorker.run(TestMethodWorker.java:112)
	at org.testng.TestRunner.privateRun(TestRunner.java:782)
	at org.testng.TestRunner.run(TestRunner.java:632)
	at org.testng.SuiteRunner.runTest(SuiteRunner.java:366)
	at org.testng.SuiteRunner.runSequentially(SuiteRunner.java:361)
	at org.testng.SuiteRunner.privateRun(SuiteRunner.java:319)
	at org.testng.SuiteRunner.run(SuiteRunner.java:268)
	at org.testng.SuiteRunnerWorker.runSuite(SuiteRunnerWorker.java:52)
	at org.testng.SuiteRunnerWorker.run(SuiteRunnerWorker.java:86)
	at org.testng.TestNG.runSuitesSequentially(TestNG.java:1244)
	at org.testng.TestNG.runSuitesLocally(TestNG.java:1169)
	at org.testng.TestNG.run(TestNG.java:1064)
	at org.testng.remote.AbstractRemoteTestNG.run(AbstractRemoteTestNG.java:114)
	at org.testng.remote.RemoteTestNG.initAndRun(RemoteTestNG.java:251)
	at org.testng.remote.RemoteTestNG.main(RemoteTestNG.java:77)
</pre></div></td>
<td>142</td>
<td>com.focus.testcases.DesignWorkFlowOptionsTest@47ef968d</td></tr>
</table><p>
<table width='100%' border='1' class='invocation-passed'>
<tr><td colspan='4' align='center'><b>PASSED TESTS</b></td></tr>
<tr><td><b>Test method</b></td>
<td width="30%"><b>Exception</b></td>
<td width="10%"><b>Time (seconds)</b></td>
<td><b>Instance</b></td>
</tr>
<tr>
<td title='com.focus.testcases.DesignWorkFlowOptionsTest.checkCD()'><b>checkCD</b><br>Test class: com.focus.testcases.DesignWorkFlowOptionsTest<br/>
<a href="#Output-1510009630" onClick='toggleBox("Output-1510009630", this, "Show output", "Hide output");'>Show output</a>

<a href="#Output-1510009630" onClick="toggleAllBoxes();">Show all outputs</a>
<div class='log' id="Output-1510009630">
Completed executing following method : DesignWorkFlowOptionsTest.checkCD<br/>
Test Method resides in com.focus.testcases.DesignWorkFlowOptionsTest<br/>
Test Status: Pass<br/>
About to begin executing following method : BaseEngine.afterMethodExecution<br/>
</div>
</td>
<td></td>
<td>19</td>
<td>com.focus.testcases.DesignWorkFlowOptionsTest@47ef968d</td></tr>
<tr>
<td title='com.focus.testcases.DesignWorkFlowOptionsTest.checkCannotExceedTheBaseValueOptionForMultipleRowsWithDifferentItem()'><b>checkCannotExceedTheBaseValueOptionForMultipleRowsWithDifferentItem</b><br>Test class: com.focus.testcases.DesignWorkFlowOptionsTest<br/>
<a href="#Output-1346679535" onClick='toggleBox("Output-1346679535", this, "Show output", "Hide output");'>Show output</a>

<a href="#Output-1346679535" onClick="toggleAllBoxes();">Show all outputs</a>
<div class='log' id="Output-1346679535">
Completed executing following method : DesignWorkFlowOptionsTest.checkCannotExceedTheBaseValueOptionForMultipleRowsWithDifferentItem<br/>
Test Method resides in com.focus.testcases.DesignWorkFlowOptionsTest<br/>
Test Status: Pass<br/>
About to begin executing following method : BaseEngine.afterMethodExecution<br/>
</div>
</td>
<td></td>
<td>316</td>
<td>com.focus.testcases.DesignWorkFlowOptionsTest@47ef968d</td></tr>
<tr>
<td title='com.focus.testcases.DesignWorkFlowOptionsTest.checkCannotExceedTheBaseValueOptionForMultipleRowsWithSameItem()'><b>checkCannotExceedTheBaseValueOptionForMultipleRowsWithSameItem</b><br>Test class: com.focus.testcases.DesignWorkFlowOptionsTest<br/>
<a href="#Output-1410084467" onClick='toggleBox("Output-1410084467", this, "Show output", "Hide output");'>Show output</a>

<a href="#Output-1410084467" onClick="toggleAllBoxes();">Show all outputs</a>
<div class='log' id="Output-1410084467">
Completed executing following method : DesignWorkFlowOptionsTest.checkCannotExceedTheBaseValueOptionForMultipleRowsWithSameItem<br/>
Test Method resides in com.focus.testcases.DesignWorkFlowOptionsTest<br/>
Test Status: Pass<br/>
About to begin executing following method : BaseEngine.afterMethodExecution<br/>
</div>
</td>
<td></td>
<td>182</td>
<td>com.focus.testcases.DesignWorkFlowOptionsTest@47ef968d</td></tr>
<tr>
<td title='com.focus.testcases.URLBrowserTest.checkLoginPageTitleByURLInputInBrowser()'><b>checkLoginPageTitleByURLInputInBrowser</b><br>Test class: com.focus.testcases.URLBrowserTest<br/>
<a href="#Output-115397800" onClick='toggleBox("Output-115397800", this, "Show output", "Hide output");'>Show output</a>

<a href="#Output-115397800" onClick="toggleAllBoxes();">Show all outputs</a>
<div class='log' id="Output-115397800">
Completed executing following method : URLBrowserTest.checkLoginPageTitleByURLInputInBrowser<br/>
Test Method resides in com.focus.testcases.URLBrowserTest<br/>
Test Status: Pass<br/>
About to begin executing following method : BaseEngine.afterMethodExecution<br/>
</div>
</td>
<td></td>
<td>6</td>
<td>com.focus.testcases.URLBrowserTest@5bc79255</td></tr>
<tr>
<td title='com.focus.testcases.DesignWorkFlowOptionsTest.checkLogout()'><b>checkLogout</b><br>Test class: com.focus.testcases.DesignWorkFlowOptionsTest<br/>
<a href="#Output-983546493" onClick='toggleBox("Output-983546493", this, "Show output", "Hide output");'>Show output</a>

<a href="#Output-983546493" onClick="toggleAllBoxes();">Show all outputs</a>
<div class='log' id="Output-983546493">
Completed executing following method : DesignWorkFlowOptionsTest.checkLogout<br/>
Test Method resides in com.focus.testcases.DesignWorkFlowOptionsTest<br/>
Test Status: Pass<br/>
About to begin executing following method : BaseEngine.afterMethodExecution<br/>
</div>
</td>
<td></td>
<td>7</td>
<td>com.focus.testcases.DesignWorkFlowOptionsTest@47ef968d</td></tr>
<tr>
<td title='com.focus.testcases.URLBrowserTest.verifyBrowserOpen()'><b>verifyBrowserOpen</b><br>Test class: com.focus.testcases.URLBrowserTest<br/>
<a href="#Output-1369468094" onClick='toggleBox("Output-1369468094", this, "Show output", "Hide output");'>Show output</a>

<a href="#Output-1369468094" onClick="toggleAllBoxes();">Show all outputs</a>
<div class='log' id="Output-1369468094">
Completed executing following method : URLBrowserTest.verifyBrowserOpen<br/>
Test Method resides in com.focus.testcases.URLBrowserTest<br/>
Test Status: Pass<br/>
About to begin executing following method : BaseEngine.afterMethodExecution<br/>
</div>
</td>
<td></td>
<td>10</td>
<td>com.focus.testcases.URLBrowserTest@5bc79255</td></tr>
</table><p>
</body>
</html>