<!DOCTYPE html PUBLIC "-//W3C//DTD XHTML 1.1//EN" "http://www.w3.org/TR/xhtml11/DTD/xhtml11.dtd">
<html xmlns="http://www.w3.org/1999/xhtml"><head><title>TestNG Report</title><style type="text/css">table {margin-bottom:10px;border-collapse:collapse;empty-cells:show}th,td {border:1px solid #009;padding:.25em .5em}th {vertical-align:bottom}td {vertical-align:top}table a {font-weight:bold}.stripe td {background-color: #E6EBF9}.num {text-align:right}.passedodd td {background-color: #3F3}.passedeven td {background-color: #0A0}.skippedodd td {background-color: #DDD}.skippedeven td {background-color: #CCC}.failedodd td,.attn {background-color: #F33}.failedeven td,.stripe .attn {background-color: #D00}.stacktrace {white-space:pre;font-family:monospace}.totop {font-size:85%;text-align:center;border-bottom:2px solid #000}</style></head><body><table><tr><th>Test</th><th># Passed</th><th># Skipped</th><th># Failed</th><th>Time (ms)</th><th>Included Groups</th><th>Excluded Groups</th></tr><tr><th colspan="7">Suite</th></tr><tr><td><a href="#t0">Test</a></td><td class="num">6</td><td class="num">0</td><td class="num attn">2</td><td class="num">917,359</td><td></td><td></td></tr></table><table><thead><tr><th>Class</th><th>Method</th><th>Start</th><th>Time (ms)</th></tr></thead><tbody><tr><th colspan="4">Suite</th></tr></tbody><tbody id="t0"><tr><th colspan="4">Test &#8212; failed</th></tr><tr class="failedeven"><td rowspan="2">com.focus.testcases.DesignWorkFlowOptionsTest</td><td><a href="#m0">checkCannotExceedTheBaseValueOptionForMultipleRowsWithSameItem1</a></td><td rowspan="1">1671791823246</td><td rowspan="1">229009</td></tr><tr class="failedeven"><td><a href="#m1">checkCannotExceedTheBaseValueOptionOnEditing</a></td><td rowspan="1">1671792052416</td><td rowspan="1">142191</td></tr><tr><th colspan="4">Test &#8212; passed</th></tr><tr class="passedeven"><td rowspan="4">com.focus.testcases.DesignWorkFlowOptionsTest</td><td><a href="#m2">checkCD</a></td><td rowspan="1">1671791304412</td><td rowspan="1">19643</td></tr><tr class="passedeven"><td><a href="#m3">checkCannotExceedTheBaseValueOptionForMultipleRowsWithDifferentItem</a></td><td rowspan="1">1671791506674</td><td rowspan="1">316569</td></tr><tr class="passedeven"><td><a href="#m4">checkCannotExceedTheBaseValueOptionForMultipleRowsWithSameItem</a></td><td rowspan="1">1671791324058</td><td rowspan="1">182614</td></tr><tr class="passedeven"><td><a href="#m5">checkLogout</a></td><td rowspan="1">1671792196254</td><td rowspan="1">7381</td></tr><tr class="passedodd"><td rowspan="2">com.focus.testcases.URLBrowserTest</td><td><a href="#m6">checkLoginPageTitleByURLInputInBrowser</a></td><td rowspan="1">1671791297475</td><td rowspan="1">6933</td></tr><tr class="passedodd"><td><a href="#m7">verifyBrowserOpen</a></td><td rowspan="1">1671791287031</td><td rowspan="1">10439</td></tr></tbody></table><h2>Test</h2><h3 id="m0">com.focus.testcases.DesignWorkFlowOptionsTest#checkCannotExceedTheBaseValueOptionForMultipleRowsWithSameItem1</h3><table class="result"><tr><th>Messages</th></tr><tr><td><div class="messages">Completed executing following method : DesignWorkFlowOptionsTest.checkCannotExceedTheBaseValueOptionForMultipleRowsWithSameItem1<br/>Test Method resides in com.focus.testcases.DesignWorkFlowOptionsTest<br/>Test Status: Failed<br/>About to begin executing following method : BaseEngine.afterMethodExecution</div></td></tr><tr><th>Exception</th></tr><tr><td><div class="stacktrace">java.lang.AssertionError: expected [true] but found [false]
	at com.focus.testcases.DesignWorkFlowOptionsTest.checkCannotExceedTheBaseValueOptionForMultipleRowsWithSameItem1(DesignWorkFlowOptionsTest.java:575)
... Removed 30 stack frames</div></td></tr></table><p class="totop"><a href="#summary">back to summary</a></p><h3 id="m1">com.focus.testcases.DesignWorkFlowOptionsTest#checkCannotExceedTheBaseValueOptionOnEditing</h3><table class="result"><tr><th>Messages</th></tr><tr><td><div class="messages">Completed executing following method : DesignWorkFlowOptionsTest.checkCannotExceedTheBaseValueOptionOnEditing<br/>Test Method resides in com.focus.testcases.DesignWorkFlowOptionsTest<br/>Test Status: Failed<br/>About to begin executing following method : BaseEngine.afterMethodExecution</div></td></tr><tr><th>Exception</th></tr><tr><td><div class="stacktrace">java.lang.AssertionError: expected [true] but found [false]
	at com.focus.testcases.DesignWorkFlowOptionsTest.checkCannotExceedTheBaseValueOptionOnEditing(DesignWorkFlowOptionsTest.java:582)
... Removed 30 stack frames</div></td></tr></table><p class="totop"><a href="#summary">back to summary</a></p><h3 id="m2">com.focus.testcases.DesignWorkFlowOptionsTest#checkCD</h3><table class="result"><tr><th>Messages</th></tr><tr><td><div class="messages">Completed executing following method : DesignWorkFlowOptionsTest.checkCD<br/>Test Method resides in com.focus.testcases.DesignWorkFlowOptionsTest<br/>Test Status: Pass<br/>About to begin executing following method : BaseEngine.afterMethodExecution</div></td></tr></table><p class="totop"><a href="#summary">back to summary</a></p><h3 id="m3">com.focus.testcases.DesignWorkFlowOptionsTest#checkCannotExceedTheBaseValueOptionForMultipleRowsWithDifferentItem</h3><table class="result"><tr><th>Messages</th></tr><tr><td><div class="messages">Completed executing following method : DesignWorkFlowOptionsTest.checkCannotExceedTheBaseValueOptionForMultipleRowsWithDifferentItem<br/>Test Method resides in com.focus.testcases.DesignWorkFlowOptionsTest<br/>Test Status: Pass<br/>About to begin executing following method : BaseEngine.afterMethodExecution</div></td></tr></table><p class="totop"><a href="#summary">back to summary</a></p><h3 id="m4">com.focus.testcases.DesignWorkFlowOptionsTest#checkCannotExceedTheBaseValueOptionForMultipleRowsWithSameItem</h3><table class="result"><tr><th>Messages</th></tr><tr><td><div class="messages">Completed executing following method : DesignWorkFlowOptionsTest.checkCannotExceedTheBaseValueOptionForMultipleRowsWithSameItem<br/>Test Method resides in com.focus.testcases.DesignWorkFlowOptionsTest<br/>Test Status: Pass<br/>About to begin executing following method : BaseEngine.afterMethodExecution</div></td></tr></table><p class="totop"><a href="#summary">back to summary</a></p><h3 id="m5">com.focus.testcases.DesignWorkFlowOptionsTest#checkLogout</h3><table class="result"><tr><th>Messages</th></tr><tr><td><div class="messages">Completed executing following method : DesignWorkFlowOptionsTest.checkLogout<br/>Test Method resides in com.focus.testcases.DesignWorkFlowOptionsTest<br/>Test Status: Pass<br/>About to begin executing following method : BaseEngine.afterMethodExecution</div></td></tr></table><p class="totop"><a href="#summary">back to summary</a></p><h3 id="m6">com.focus.testcases.URLBrowserTest#checkLoginPageTitleByURLInputInBrowser</h3><table class="result"><tr><th>Messages</th></tr><tr><td><div class="messages">Completed executing following method : URLBrowserTest.checkLoginPageTitleByURLInputInBrowser<br/>Test Method resides in com.focus.testcases.URLBrowserTest<br/>Test Status: Pass<br/>About to begin executing following method : BaseEngine.afterMethodExecution</div></td></tr></table><p class="totop"><a href="#summary">back to summary</a></p><h3 id="m7">com.focus.testcases.URLBrowserTest#verifyBrowserOpen</h3><table class="result"><tr><th>Messages</th></tr><tr><td><div class="messages">Completed executing following method : URLBrowserTest.verifyBrowserOpen<br/>Test Method resides in com.focus.testcases.URLBrowserTest<br/>Test Status: Pass<br/>About to begin executing following method : BaseEngine.afterMethodExecution</div></td></tr></table><p class="totop"><a href="#summary">back to summary</a></p></body></html>