<?xml version="1.0" encoding="UTF-8"?>
<!-- Generated by org.testng.reporters.JUnitReportReporter -->
<testsuite hostname="FOCUS-QA-133" name="com.focus.testcases.TransactionAuthorizationDefinitionOptionsTest" tests="19" failures="0" timestamp="8 Nov 2022 05:56:38 GMT" time="589.944" errors="1">
  <testcase name="checkLogoutAndLoginWithSUToCheckAuthorizationStatusWithAlertTemplateTransactionAuthorization" time="22.052" classname="com.focus.testcases.TransactionAuthorizationDefinitionOptionsTest"/>
  <testcase name="checkSavingPurchaseVoucherNAlertTemplateTransactionAuthorization" time="44.225" classname="com.focus.testcases.TransactionAuthorizationDefinitionOptionsTest"/>
  <testcase name="checkCreateEmailTemplate" time="79.515" classname="com.focus.testcases.TransactionAuthorizationDefinitionOptionsTest"/>
  <testcase name="checkPrintCreatedEmailTemplateAndValidatePdf" time="62.793" classname="com.focus.testcases.TransactionAuthorizationDefinitionOptionsTest"/>
  <testcase name="checkAuthorizationStatusInHomePageAfterEditingVouchersWithUndoAuthorizationOnEditingBatchBinRMAOption" time="2.853" classname="com.focus.testcases.TransactionAuthorizationDefinitionOptionsTest"/>
  <testcase name="checkEditingPurchaseVoucherNWithRMAItemWithUndoAuthorizationOnEditingBatchBinRMAOption" time="27.923" classname="com.focus.testcases.TransactionAuthorizationDefinitionOptionsTest"/>
  <testcase name="checkLogin" time="15.550" classname="com.focus.testcases.TransactionAuthorizationDefinitionOptionsTest"/>
  <testcase name="checkEraseAllTransactionsWithUndoAuthorizationOnEditingBatchBinRMAOption" time="6.885" classname="com.focus.testcases.TransactionAuthorizationDefinitionOptionsTest"/>
  <testcase name="checkLogout" time="3.994" classname="com.focus.testcases.TransactionAuthorizationDefinitionOptionsTest"/>
  <testcase name="checkEditingPurchaseVoucherNWithBinItemWithUndoAuthorizationOnEditingBatchBinRMAOption" time="27.994" classname="com.focus.testcases.TransactionAuthorizationDefinitionOptionsTest"/>
  <testcase name="checkPurchasesVoucherNAuthorizationStatusWithUserAllOptionsAndAlertTemplateTransactionAuthorization" time="26.195" classname="com.focus.testcases.TransactionAuthorizationDefinitionOptionsTest"/>
  <testcase name="checkTransactionAuthotizationReport" time="14.756" classname="com.focus.testcases.TransactionAuthorizationDefinitionOptionsTest"/>
  <testcase name="checkAuthorizationStatusInVoucherHomePageCreateAlertOption" time="0.080" classname="com.focus.testcases.TransactionAuthorizationDefinitionOptionsTest"/>
  <testcase name="checkLogoutAndLoginWithUserAllOptionsWithCreateAlertOption" time="14.396" classname="com.focus.testcases.TransactionAuthorizationDefinitionOptionsTest"/>
  <testcase name="checkCreateSmsTemplate" time="51.507" classname="com.focus.testcases.TransactionAuthorizationDefinitionOptionsTest"/>
  <testcase name="checkCreateAlerts" time="50.383" classname="com.focus.testcases.TransactionAuthorizationDefinitionOptionsTest"/>
  <testcase name="checkEditingPurchaseVoucherNWithBatchItemWithUndoAuthorizationOnEditingBatchBinRMAOption" time="24.542" classname="com.focus.testcases.TransactionAuthorizationDefinitionOptionsTest"/>
  <testcase name="checkCreateEmailHeaderTemplate" time="94.506" classname="com.focus.testcases.TransactionAuthorizationDefinitionOptionsTest">
    <error type="org.openqa.selenium.NoSuchElementException" message="Cannot locate element with text: customTemplate1
For documentation on this error, please visit: http://seleniumhq.org/exceptions/no_such_element.html
Build info: version: &#039;3.12.0&#039;, revision: &#039;7c6e0b3&#039;, time: &#039;2018-05-08T14:04:26.12Z&#039;
System info: host: &#039;FOCUS-QA-133&#039;, ip: &#039;192.168.4.108&#039;, os.name: &#039;Windows 10&#039;, os.arch: &#039;amd64&#039;, os.version: &#039;10.0&#039;, java.version: &#039;1.8.0_111&#039;
Driver info: driver.version: unknown">
      <![CDATA[org.openqa.selenium.NoSuchElementException: Cannot locate element with text: customTemplate1
For documentation on this error, please visit: http://seleniumhq.org/exceptions/no_such_element.html
Build info: version: '3.12.0', revision: '7c6e0b3', time: '2018-05-08T14:04:26.12Z'
System info: host: 'FOCUS-QA-133', ip: '192.168.4.108', os.name: 'Windows 10', os.arch: 'amd64', os.version: '10.0', java.version: '1.8.0_111'
Driver info: driver.version: unknown
	at org.openqa.selenium.support.ui.Select.selectByVisibleText(Select.java:151)
	at com.focus.base.BaseEngine.dropDown(BaseEngine.java:678)
	at com.focus.Pages.TransactionAuthorizationDefinitionOptionsPage.checkCreateEmailHeaderTemplate(TransactionAuthorizationDefinitionOptionsPage.java:34493)
	at com.focus.testcases.TransactionAuthorizationDefinitionOptionsTest.checkCreateEmailHeaderTemplate(TransactionAuthorizationDefinitionOptionsTest.java:2333)
	at sun.reflect.NativeMethodAccessorImpl.invoke0(Native Method)
	at sun.reflect.NativeMethodAccessorImpl.invoke(Unknown Source)
	at sun.reflect.DelegatingMethodAccessorImpl.invoke(Unknown Source)
	at java.lang.reflect.Method.invoke(Unknown Source)
	at org.testng.internal.MethodInvocationHelper.invokeMethod(MethodInvocationHelper.java:86)
	at org.testng.internal.Invoker.invokeMethod(Invoker.java:643)
	at org.testng.internal.Invoker.invokeTestMethod(Invoker.java:820)
	at org.testng.internal.Invoker.invokeTestMethods(Invoker.java:1128)
	at org.testng.internal.TestMethodWorker.invokeTestMethods(TestMethodWorker.java:129)
	at org.testng.internal.TestMethodWorker.run(TestMethodWorker.java:112)
	at org.testng.TestRunner.privateRun(TestRunner.java:782)
	at org.testng.TestRunner.run(TestRunner.java:632)
	at org.testng.SuiteRunner.runTest(SuiteRunner.java:366)
	at org.testng.SuiteRunner.runSequentially(SuiteRunner.java:361)
	at org.testng.SuiteRunner.privateRun(SuiteRunner.java:319)
	at org.testng.SuiteRunner.run(SuiteRunner.java:268)
	at org.testng.SuiteRunnerWorker.runSuite(SuiteRunnerWorker.java:52)
	at org.testng.SuiteRunnerWorker.run(SuiteRunnerWorker.java:86)
	at org.testng.TestNG.runSuitesSequentially(TestNG.java:1244)
	at org.testng.TestNG.runSuitesLocally(TestNG.java:1169)
	at org.testng.TestNG.run(TestNG.java:1064)
	at org.testng.remote.AbstractRemoteTestNG.run(AbstractRemoteTestNG.java:114)
	at org.testng.remote.RemoteTestNG.initAndRun(RemoteTestNG.java:251)
	at org.testng.remote.RemoteTestNG.main(RemoteTestNG.java:77)
]]>
    </error>
  </testcase> <!-- checkCreateEmailHeaderTemplate -->
  <testcase name="checkLogoutAndLoginWithSUToCheckAuthorizationStatusWithUndoAuthoizationOnEditingBatchBinRMAOption" time="19.795" classname="com.focus.testcases.TransactionAuthorizationDefinitionOptionsTest"/>
</testsuite> <!-- com.focus.testcases.TransactionAuthorizationDefinitionOptionsTest -->
